{
  "Cucumber Features": {
    "coverage": {
      "/mnt/c/Home/SELT_REPOS/SPP300/app/controllers/admins/sessions_controller.rb": [
        1,
        1,
        1,
        null,
        null
      ],
      "/mnt/c/Home/SELT_REPOS/SPP300/app/controllers/application_controller.rb": [
        null,
        1,
        null,
        null,
        1,
        1,
        null,
        1,
        119,
        null,
        null,
        null,
        null
      ],
      "/mnt/c/Home/SELT_REPOS/SPP300/app/helpers/application_helper.rb": [
        1,
        null
      ],
      "/mnt/c/Home/SELT_REPOS/SPP300/app/helpers/homepage_helper.rb": [
        1,
        null
      ],
      "/mnt/c/Home/SELT_REPOS/SPP300/app/controllers/concerns/accessible.rb": [
        1,
        1,
        1,
        6,
        null,
        null,
        1,
        1,
        96,
        18,
        18,
        78,
        5,
        72,
        5,
        5,
        null,
        null,
        null
      ],
      "/mnt/c/Home/SELT_REPOS/SPP300/app/controllers/admins/registrations_controller.rb": [
        1,
        1,
        1,
        null
      ],
      "/mnt/c/Home/SELT_REPOS/SPP300/app/controllers/faculties/registrations_controller.rb": [
        1,
        1,
        1,
        null
      ],
      "/mnt/c/Home/SELT_REPOS/SPP300/app/controllers/faculties/sessions_controller.rb": [
        1,
        1,
        1,
        null
      ],
      "/mnt/c/Home/SELT_REPOS/SPP300/app/controllers/homepage_controller.rb": [
        1,
        1,
        null,
        null,
        null
      ],
      "/mnt/c/Home/SELT_REPOS/SPP300/app/controllers/students/registrations_controller.rb": [
        1,
        1,
        1,
        null,
        null
      ],
      "/mnt/c/Home/SELT_REPOS/SPP300/app/controllers/students/sessions_controller.rb": [
        1,
        1,
        1,
        null
      ],
      "/mnt/c/Home/SELT_REPOS/SPP300/app/models/admin.rb": [
        0,
        null,
        null,
        0,
        0,
        0,
        0
      ],
      "/mnt/c/Home/SELT_REPOS/SPP300/app/models/faculty.rb": [
        0,
        0,
        null,
        null,
        0,
        0,
        null,
        0,
        0,
        0,
        0,
        null,
        0,
        0,
        0,
        0,
        0,
        null,
        0,
        0,
        0,
        null,
        0,
        0,
        0,
        null,
        0
      ],
      "/mnt/c/Home/SELT_REPOS/SPP300/app/models/student.rb": [
        0,
        null,
        null,
        0,
        0,
        null,
        0,
        0,
        0
      ],
      "/mnt/c/Home/SELT_REPOS/SPP300/app/uploaders/image_uploader.rb": [
        0,
        0,
        0,
        0,
        0,
        0,
        0,
        0,
        0,
        0,
        null,
        0,
        null,
        0,
        0,
        0,
        0
      ],
      "/mnt/c/Home/SELT_REPOS/SPP300/lib/rails_admin_approve_faculty.rb": [
        0,
        0,
        null,
        0,
        0,
        null,
        0,
        0,
        0,
        0,
        0,
        0,
        0,
        null,
        0,
        0,
        0,
        null,
        0,
        0,
        0,
        null,
        0,
        0,
        0,
        0,
        null,
        0,
        0,
        0,
        0,
        0,
        0,
        0
      ]
    },
    "timestamp": 1550348941
  },
  "RSpec": {
    "coverage": {
      "/mnt/c/Home/SELT_REPOS/SPP300/lib/rails_admin_approve_faculty.rb": [
        1,
        1,
        null,
        1,
        null,
        null,
        1,
        1,
        1,
        1,
        1,
        0,
        null,
        null,
        1,
        1,
        null,
        null,
        1,
        0,
        null,
        null,
        1,
        0,
        0,
        0,
        null,
        0,
        null,
        null,
        null,
        null,
        null,
        null
      ],
      "/mnt/c/Home/SELT_REPOS/SPP300/app/uploaders/image_uploader.rb": [
        1,
        1,
        1,
        1,
        1,
        1,
        1,
        1,
        0,
        0,
        null,
        0,
        null,
        0,
        0,
        null,
        null
      ],
      "/mnt/c/Home/SELT_REPOS/SPP300/app/models/student.rb": [
        1,
        null,
        null,
        1,
        null,
        null,
        1,
        1,
        null
      ],
      "/mnt/c/Home/SELT_REPOS/SPP300/app/models/faculty.rb": [
        1,
        1,
        null,
        null,
        1,
        null,
        null,
        1,
        1,
        1,
        1,
        null,
        1,
        1,
        1,
        null,
        null,
        null,
        1,
        0,
        null,
        null,
        1,
        0,
        null,
        null,
        null
      ],
      "/mnt/c/Home/SELT_REPOS/SPP300/app/models/admin.rb": [
        1,
        null,
        null,
        1,
        null,
        1,
        null
      ],
      "/mnt/c/Home/SELT_REPOS/SPP300/app/helpers/application_helper.rb": [
        1,
        null
      ],
      "/mnt/c/Home/SELT_REPOS/SPP300/app/helpers/homepage_helper.rb": [
        1,
        null
      ],
      "/mnt/c/Home/SELT_REPOS/SPP300/app/controllers/homepage_controller.rb": [
        1,
        1,
        null,
        null,
        null
      ],
      "/mnt/c/Home/SELT_REPOS/SPP300/app/controllers/application_controller.rb": [
        null,
        1,
        null,
        null,
        1,
        1,
        null,
        1,
        0,
        null,
        null,
        null,
        null
      ],
      "/mnt/c/Home/SELT_REPOS/SPP300/app/controllers/admins/registrations_controller.rb": [
        0,
        0,
        0,
        0
      ],
      "/mnt/c/Home/SELT_REPOS/SPP300/app/controllers/admins/sessions_controller.rb": [
        0,
        0,
        0,
        null,
        0
      ],
      "/mnt/c/Home/SELT_REPOS/SPP300/app/controllers/concerns/accessible.rb": [
        0,
        0,
        0,
        0,
        0,
        null,
        0,
        0,
        0,
        0,
        0,
        0,
        0,
        0,
        0,
        0,
        0,
        0,
        0
      ],
      "/mnt/c/Home/SELT_REPOS/SPP300/app/controllers/faculties/registrations_controller.rb": [
        0,
        0,
        0,
        0
      ],
      "/mnt/c/Home/SELT_REPOS/SPP300/app/controllers/faculties/sessions_controller.rb": [
        0,
        0,
        0,
        0
      ],
      "/mnt/c/Home/SELT_REPOS/SPP300/app/controllers/students/registrations_controller.rb": [
        0,
        0,
        0,
        null,
        0
      ],
      "/mnt/c/Home/SELT_REPOS/SPP300/app/controllers/students/sessions_controller.rb": [
        0,
        0,
        0,
        0
      ]
    },
    "timestamp": 1550348867
  }
}
